<?xml version="1.0" encoding="UTF-8"?>
<testng-results ignored="0" total="1" passed="1" failed="0" skipped="0">
  <reporter-output>
  </reporter-output>
  <suite started-at="2023-10-04T09:15:40 IST" name="Default suite" finished-at="2023-10-04T09:15:55 IST" duration-ms="15136">
    <groups>
    </groups>
    <test started-at="2023-10-04T09:15:40 IST" name="Default test" finished-at="2023-10-04T09:15:55 IST" duration-ms="15136">
      <class name="Testngpckg.hwdatepick">
        <test-method is-config="true" signature="setup()[pri:0, instance:Testngpckg.hwdatepick@6c1a5b54]" started-at="2023-10-04T09:15:40 IST" name="setup" finished-at="2023-10-04T09:15:46 IST" duration-ms="5177" status="PASS">
          <reporter-output>
          </reporter-output>
        </test-method> <!-- setup -->
        <test-method signature="todobookingcom()[pri:0, instance:Testngpckg.hwdatepick@6c1a5b54]" started-at="2023-10-04T09:15:46 IST" name="todobookingcom" finished-at="2023-10-04T09:15:55 IST" duration-ms="9927" status="PASS">
          <reporter-output>
          </reporter-output>
        </test-method> <!-- todobookingcom -->
      </class> <!-- Testngpckg.hwdatepick -->
    </test> <!-- Default test -->
  </suite> <!-- Default suite -->
</testng-results>
